  Source.cpp
Source.obj : error LNK2019: unresolved external symbol "public: float __cdecl sf::Time::asSeconds(void)const " (?asSeconds@Time@sf@@QEBAMXZ) referenced in function main
sfml-audio-s-d.lib(Sound.cpp.obj) : error LNK2001: unresolved external symbol "public: float __cdecl sf::Time::asSeconds(void)const " (?asSeconds@Time@sf@@QEBAMXZ)
sfml-audio-s-d.lib(InputSoundFile.cpp.obj) : error LNK2001: unresolved external symbol "public: float __cdecl sf::Time::asSeconds(void)const " (?asSeconds@Time@sf@@QEBAMXZ)
Source.obj : error LNK2019: unresolved external symbol "public: __cdecl sf::Clock::Clock(void)" (??0Clock@sf@@QEAA@XZ) referenced in function main
sfml-window-s-d.lib(Window.cpp.obj) : error LNK2001: unresolved external symbol "public: __cdecl sf::Clock::Clock(void)" (??0Clock@sf@@QEAA@XZ)
sfml-window-s-d.lib(JoystickImpl.cpp.obj) : error LNK2001: unresolved external symbol "public: __cdecl sf::Clock::Clock(void)" (??0Clock@sf@@QEAA@XZ)
Source.obj : error LNK2019: unresolved external symbol "public: class sf::Time __cdecl sf::Clock::restart(void)" (?restart@Clock@sf@@QEAA?AVTime@2@XZ) referenced in function main
sfml-window-s-d.lib(Window.cpp.obj) : error LNK2001: unresolved external symbol "public: class sf::Time __cdecl sf::Clock::restart(void)" (?restart@Clock@sf@@QEAA?AVTime@2@XZ)
sfml-window-s-d.lib(JoystickImpl.cpp.obj) : error LNK2001: unresolved external symbol "public: class sf::Time __cdecl sf::Clock::restart(void)" (?restart@Clock@sf@@QEAA?AVTime@2@XZ)
Source.obj : error LNK2019: unresolved external symbol "public: __cdecl sf::String::String(char const *,class std::locale const &)" (??0String@sf@@QEAA@PEBDAEBVlocale@std@@@Z) referenced in function main
sfml-window-s-d.lib(Joystick.cpp.obj) : error LNK2001: unresolved external symbol "public: __cdecl sf::String::String(char const *,class std::locale const &)" (??0String@sf@@QEAA@PEBDAEBVlocale@std@@@Z)
sfml-window-s-d.lib(JoystickImpl.cpp.obj) : error LNK2001: unresolved external symbol "public: __cdecl sf::String::String(char const *,class std::locale const &)" (??0String@sf@@QEAA@PEBDAEBVlocale@std@@@Z)
sfml-graphics-s-d.lib(RenderTextureImplFBO.cpp.obj) : error LNK2001: unresolved external symbol "public: __cdecl sf::Mutex::Mutex(void)" (??0Mutex@sf@@QEAA@XZ)
sfml-window-s-d.lib(GlContext.cpp.obj) : error LNK2001: unresolved external symbol "public: __cdecl sf::Mutex::Mutex(void)" (??0Mutex@sf@@QEAA@XZ)
sfml-window-s-d.lib(WglContext.cpp.obj) : error LNK2001: unresolved external symbol "public: __cdecl sf::Mutex::Mutex(void)" (??0Mutex@sf@@QEAA@XZ)
sfml-audio-s-d.lib(AlResource.cpp.obj) : error LNK2001: unresolved external symbol "public: __cdecl sf::Mutex::Mutex(void)" (??0Mutex@sf@@QEAA@XZ)
sfml-graphics-s-d.lib(RenderTarget.cpp.obj) : error LNK2001: unresolved external symbol "public: __cdecl sf::Mutex::Mutex(void)" (??0Mutex@sf@@QEAA@XZ)
sfml-graphics-s-d.lib(Texture.cpp.obj) : error LNK2001: unresolved external symbol "public: __cdecl sf::Mutex::Mutex(void)" (??0Mutex@sf@@QEAA@XZ)
sfml-graphics-s-d.lib(Shader.cpp.obj) : error LNK2001: unresolved external symbol "public: __cdecl sf::Mutex::Mutex(void)" (??0Mutex@sf@@QEAA@XZ)
sfml-graphics-s-d.lib(VertexBuffer.cpp.obj) : error LNK2001: unresolved external symbol "public: __cdecl sf::Mutex::Mutex(void)" (??0Mutex@sf@@QEAA@XZ)
sfml-graphics-s-d.lib(RenderTextureImplFBO.cpp.obj) : error LNK2001: unresolved external symbol "public: __cdecl sf::Mutex::~Mutex(void)" (??1Mutex@sf@@QEAA@XZ)
sfml-window-s-d.lib(GlContext.cpp.obj) : error LNK2001: unresolved external symbol "public: __cdecl sf::Mutex::~Mutex(void)" (??1Mutex@sf@@QEAA@XZ)
sfml-window-s-d.lib(WglContext.cpp.obj) : error LNK2001: unresolved external symbol "public: __cdecl sf::Mutex::~Mutex(void)" (??1Mutex@sf@@QEAA@XZ)
sfml-audio-s-d.lib(AlResource.cpp.obj) : error LNK2001: unresolved external symbol "public: __cdecl sf::Mutex::~Mutex(void)" (??1Mutex@sf@@QEAA@XZ)
sfml-graphics-s-d.lib(RenderTarget.cpp.obj) : error LNK2001: unresolved external symbol "public: __cdecl sf::Mutex::~Mutex(void)" (??1Mutex@sf@@QEAA@XZ)
sfml-graphics-s-d.lib(Texture.cpp.obj) : error LNK2001: unresolved external symbol "public: __cdecl sf::Mutex::~Mutex(void)" (??1Mutex@sf@@QEAA@XZ)
sfml-graphics-s-d.lib(Shader.cpp.obj) : error LNK2001: unresolved external symbol "public: __cdecl sf::Mutex::~Mutex(void)" (??1Mutex@sf@@QEAA@XZ)
sfml-graphics-s-d.lib(VertexBuffer.cpp.obj) : error LNK2001: unresolved external symbol "public: __cdecl sf::Mutex::~Mutex(void)" (??1Mutex@sf@@QEAA@XZ)
sfml-graphics-s-d.lib(RenderTextureImplFBO.cpp.obj) : error LNK2001: unresolved external symbol "public: __cdecl sf::Lock::Lock(class sf::Mutex &)" (??0Lock@sf@@QEAA@AEAVMutex@1@@Z)
sfml-window-s-d.lib(GlContext.cpp.obj) : error LNK2001: unresolved external symbol "public: __cdecl sf::Lock::Lock(class sf::Mutex &)" (??0Lock@sf@@QEAA@AEAVMutex@1@@Z)
sfml-window-s-d.lib(WglContext.cpp.obj) : error LNK2001: unresolved external symbol "public: __cdecl sf::Lock::Lock(class sf::Mutex &)" (??0Lock@sf@@QEAA@AEAVMutex@1@@Z)
sfml-audio-s-d.lib(AlResource.cpp.obj) : error LNK2001: unresolved external symbol "public: __cdecl sf::Lock::Lock(class sf::Mutex &)" (??0Lock@sf@@QEAA@AEAVMutex@1@@Z)
sfml-graphics-s-d.lib(RenderTarget.cpp.obj) : error LNK2001: unresolved external symbol "public: __cdecl sf::Lock::Lock(class sf::Mutex &)" (??0Lock@sf@@QEAA@AEAVMutex@1@@Z)
sfml-graphics-s-d.lib(Texture.cpp.obj) : error LNK2001: unresolved external symbol "public: __cdecl sf::Lock::Lock(class sf::Mutex &)" (??0Lock@sf@@QEAA@AEAVMutex@1@@Z)
sfml-graphics-s-d.lib(Shader.cpp.obj) : error LNK2001: unresolved external symbol "public: __cdecl sf::Lock::Lock(class sf::Mutex &)" (??0Lock@sf@@QEAA@AEAVMutex@1@@Z)
sfml-graphics-s-d.lib(VertexBuffer.cpp.obj) : error LNK2001: unresolved external symbol "public: __cdecl sf::Lock::Lock(class sf::Mutex &)" (??0Lock@sf@@QEAA@AEAVMutex@1@@Z)
sfml-graphics-s-d.lib(RenderTextureImplFBO.cpp.obj) : error LNK2001: unresolved external symbol "public: __cdecl sf::Lock::~Lock(void)" (??1Lock@sf@@QEAA@XZ)
sfml-window-s-d.lib(GlContext.cpp.obj) : error LNK2001: unresolved external symbol "public: __cdecl sf::Lock::~Lock(void)" (??1Lock@sf@@QEAA@XZ)
sfml-window-s-d.lib(WglContext.cpp.obj) : error LNK2001: unresolved external symbol "public: __cdecl sf::Lock::~Lock(void)" (??1Lock@sf@@QEAA@XZ)
sfml-audio-s-d.lib(AlResource.cpp.obj) : error LNK2001: unresolved external symbol "public: __cdecl sf::Lock::~Lock(void)" (??1Lock@sf@@QEAA@XZ)
sfml-graphics-s-d.lib(RenderTarget.cpp.obj) : error LNK2001: unresolved external symbol "public: __cdecl sf::Lock::~Lock(void)" (??1Lock@sf@@QEAA@XZ)
sfml-graphics-s-d.lib(Texture.cpp.obj) : error LNK2001: unresolved external symbol "public: __cdecl sf::Lock::~Lock(void)" (??1Lock@sf@@QEAA@XZ)
sfml-graphics-s-d.lib(Shader.cpp.obj) : error LNK2001: unresolved external symbol "public: __cdecl sf::Lock::~Lock(void)" (??1Lock@sf@@QEAA@XZ)
sfml-graphics-s-d.lib(VertexBuffer.cpp.obj) : error LNK2001: unresolved external symbol "public: __cdecl sf::Lock::~Lock(void)" (??1Lock@sf@@QEAA@XZ)
sfml-audio-s-d.lib(SoundFileWriterOgg.cpp.obj) : error LNK2001: unresolved external symbol "class std::basic_ostream<char,struct std::char_traits<char> > & __cdecl sf::err(void)" (?err@sf@@YAAEAV?$basic_ostream@DU?$char_traits@D@std@@@std@@XZ)
sfml-audio-s-d.lib(SoundFileReaderWav.cpp.obj) : error LNK2001: unresolved external symbol "class std::basic_ostream<char,struct std::char_traits<char> > & __cdecl sf::err(void)" (?err@sf@@YAAEAV?$basic_ostream@DU?$char_traits@D@std@@@std@@XZ)
sfml-audio-s-d.lib(SoundFileWriterWav.cpp.obj) : error LNK2001: unresolved external symbol "class std::basic_ostream<char,struct std::char_traits<char> > & __cdecl sf::err(void)" (?err@sf@@YAAEAV?$basic_ostream@DU?$char_traits@D@std@@@std@@XZ)
sfml-audio-s-d.lib(SoundFileFactory.cpp.obj) : error LNK2001: unresolved external symbol "class std::basic_ostream<char,struct std::char_traits<char> > & __cdecl sf::err(void)" (?err@sf@@YAAEAV?$basic_ostream@DU?$char_traits@D@std@@@std@@XZ)
sfml-audio-s-d.lib(SoundFileReaderFlac.cpp.obj) : error LNK2001: unresolved external symbol "class std::basic_ostream<char,struct std::char_traits<char> > & __cdecl sf::err(void)" (?err@sf@@YAAEAV?$basic_ostream@DU?$char_traits@D@std@@@std@@XZ)
sfml-audio-s-d.lib(SoundFileWriterFlac.cpp.obj) : error LNK2001: unresolved external symbol "class std::basic_ostream<char,struct std::char_traits<char> > & __cdecl sf::err(void)" (?err@sf@@YAAEAV?$basic_ostream@DU?$char_traits@D@std@@@std@@XZ)
sfml-audio-s-d.lib(SoundFileReaderOgg.cpp.obj) : error LNK2001: unresolved external symbol "class std::basic_ostream<char,struct std::char_traits<char> > & __cdecl sf::err(void)" (?err@sf@@YAAEAV?$basic_ostream@DU?$char_traits@D@std@@@std@@XZ)
sfml-audio-s-d.lib(SoundBuffer.cpp.obj) : error LNK2001: unresolved external symbol "class std::basic_ostream<char,struct std::char_traits<char> > & __cdecl sf::err(void)" (?err@sf@@YAAEAV?$basic_ostream@DU?$char_traits@D@std@@@std@@XZ)
sfml-audio-s-d.lib(ALCheck.cpp.obj) : error LNK2001: unresolved external symbol "class std::basic_ostream<char,struct std::char_traits<char> > & __cdecl sf::err(void)" (?err@sf@@YAAEAV?$basic_ostream@DU?$char_traits@D@std@@@std@@XZ)
sfml-audio-s-d.lib(InputSoundFile.cpp.obj) : error LNK2001: unresolved external symbol "class std::basic_ostream<char,struct std::char_traits<char> > & __cdecl sf::err(void)" (?err@sf@@YAAEAV?$basic_ostream@DU?$char_traits@D@std@@@std@@XZ)
sfml-audio-s-d.lib(AudioDevice.cpp.obj) : error LNK2001: unresolved external symbol "class std::basic_ostream<char,struct std::char_traits<char> > & __cdecl sf::err(void)" (?err@sf@@YAAEAV?$basic_ostream@DU?$char_traits@D@std@@@std@@XZ)
sfml-window-s-d.lib(WglContext.cpp.obj) : error LNK2001: unresolved external symbol "class std::basic_ostream<char,struct std::char_traits<char> > & __cdecl sf::err(void)" (?err@sf@@YAAEAV?$basic_ostream@DU?$char_traits@D@std@@@std@@XZ)
sfml-window-s-d.lib(SensorManager.cpp.obj) : error LNK2001: unresolved external symbol "class std::basic_ostream<char,struct std::char_traits<char> > & __cdecl sf::err(void)" (?err@sf@@YAAEAV?$basic_ostream@DU?$char_traits@D@std@@@std@@XZ)
sfml-window-s-d.lib(WindowImplWin32.cpp.obj) : error LNK2001: unresolved external symbol "class std::basic_ostream<char,struct std::char_traits<char> > & __cdecl sf::err(void)" (?err@sf@@YAAEAV?$basic_ostream@DU?$char_traits@D@std@@@std@@XZ)
sfml-window-s-d.lib(JoystickImpl.cpp.obj) : error LNK2001: unresolved external symbol "class std::basic_ostream<char,struct std::char_traits<char> > & __cdecl sf::err(void)" (?err@sf@@YAAEAV?$basic_ostream@DU?$char_traits@D@std@@@std@@XZ)
sfml-graphics-s-d.lib(ImageLoader.cpp.obj) : error LNK2001: unresolved external symbol "class std::basic_ostream<char,struct std::char_traits<char> > & __cdecl sf::err(void)" (?err@sf@@YAAEAV?$basic_ostream@DU?$char_traits@D@std@@@std@@XZ)
sfml-window-s-d.lib(Window.cpp.obj) : error LNK2001: unresolved external symbol "class std::basic_ostream<char,struct std::char_traits<char> > & __cdecl sf::err(void)" (?err@sf@@YAAEAV?$basic_ostream@DU?$char_traits@D@std@@@std@@XZ)
sfml-window-s-d.lib(GlContext.cpp.obj) : error LNK2001: unresolved external symbol "class std::basic_ostream<char,struct std::char_traits<char> > & __cdecl sf::err(void)" (?err@sf@@YAAEAV?$basic_ostream@DU?$char_traits@D@std@@@std@@XZ)
sfml-window-s-d.lib(CursorImpl.cpp.obj) : error LNK2001: unresolved external symbol "class std::basic_ostream<char,struct std::char_traits<char> > & __cdecl sf::err(void)" (?err@sf@@YAAEAV?$basic_ostream@DU?$char_traits@D@std@@@std@@XZ)
sfml-graphics-s-d.lib(GLExtensions.cpp.obj) : error LNK2001: unresolved external symbol "class std::basic_ostream<char,struct std::char_traits<char> > & __cdecl sf::err(void)" (?err@sf@@YAAEAV?$basic_ostream@DU?$char_traits@D@std@@@std@@XZ)
sfml-graphics-s-d.lib(GLCheck.cpp.obj) : error LNK2001: unresolved external symbol "class std::basic_ostream<char,struct std::char_traits<char> > & __cdecl sf::err(void)" (?err@sf@@YAAEAV?$basic_ostream@DU?$char_traits@D@std@@@std@@XZ)
sfml-graphics-s-d.lib(RenderTextureImplFBO.cpp.obj) : error LNK2001: unresolved external symbol "class std::basic_ostream<char,struct std::char_traits<char> > & __cdecl sf::err(void)" (?err@sf@@YAAEAV?$basic_ostream@DU?$char_traits@D@std@@@std@@XZ)
sfml-graphics-s-d.lib(Image.cpp.obj) : error LNK2001: unresolved external symbol "class std::basic_ostream<char,struct std::char_traits<char> > & __cdecl sf::err(void)" (?err@sf@@YAAEAV?$basic_ostream@DU?$char_traits@D@std@@@std@@XZ)
sfml-graphics-s-d.lib(RenderTarget.cpp.obj) : error LNK2001: unresolved external symbol "class std::basic_ostream<char,struct std::char_traits<char> > & __cdecl sf::err(void)" (?err@sf@@YAAEAV?$basic_ostream@DU?$char_traits@D@std@@@std@@XZ)
sfml-graphics-s-d.lib(Texture.cpp.obj) : error LNK2001: unresolved external symbol "class std::basic_ostream<char,struct std::char_traits<char> > & __cdecl sf::err(void)" (?err@sf@@YAAEAV?$basic_ostream@DU?$char_traits@D@std@@@std@@XZ)
sfml-graphics-s-d.lib(Shader.cpp.obj) : error LNK2001: unresolved external symbol "class std::basic_ostream<char,struct std::char_traits<char> > & __cdecl sf::err(void)" (?err@sf@@YAAEAV?$basic_ostream@DU?$char_traits@D@std@@@std@@XZ)
sfml-graphics-s-d.lib(VertexBuffer.cpp.obj) : error LNK2001: unresolved external symbol "class std::basic_ostream<char,struct std::char_traits<char> > & __cdecl sf::err(void)" (?err@sf@@YAAEAV?$basic_ostream@DU?$char_traits@D@std@@@std@@XZ)
sfml-window-s-d.lib(Window.cpp.obj) : error LNK2019: unresolved external symbol "class sf::Time __cdecl sf::seconds(float)" (?seconds@sf@@YA?AVTime@1@M@Z) referenced in function "public: void __cdecl sf::Window::setFramerateLimit(unsigned int)" (?setFramerateLimit@Window@sf@@QEAAXI@Z)
sfml-audio-s-d.lib(Sound.cpp.obj) : error LNK2001: unresolved external symbol "class sf::Time __cdecl sf::seconds(float)" (?seconds@sf@@YA?AVTime@1@M@Z)
sfml-audio-s-d.lib(SoundBuffer.cpp.obj) : error LNK2001: unresolved external symbol "class sf::Time __cdecl sf::seconds(float)" (?seconds@sf@@YA?AVTime@1@M@Z)
sfml-audio-s-d.lib(InputSoundFile.cpp.obj) : error LNK2001: unresolved external symbol "class sf::Time __cdecl sf::seconds(float)" (?seconds@sf@@YA?AVTime@1@M@Z)
sfml-window-s-d.lib(Window.cpp.obj) : error LNK2019: unresolved external symbol "bool __cdecl sf::operator!=(class sf::Time,class sf::Time)" (??9sf@@YA_NVTime@0@0@Z) referenced in function "public: void __cdecl sf::Window::display(void)" (?display@Window@sf@@QEAAXXZ)
sfml-window-s-d.lib(Window.cpp.obj) : error LNK2019: unresolved external symbol "class sf::Time __cdecl sf::operator-(class sf::Time,class sf::Time)" (??Gsf@@YA?AVTime@0@V10@0@Z) referenced in function "public: void __cdecl sf::Window::display(void)" (?display@Window@sf@@QEAAXXZ)
sfml-window-s-d.lib(Window.cpp.obj) : error LNK2019: unresolved external symbol "public: class sf::Time __cdecl sf::Clock::getElapsedTime(void)const " (?getElapsedTime@Clock@sf@@QEBA?AVTime@2@XZ) referenced in function "public: void __cdecl sf::Window::display(void)" (?display@Window@sf@@QEAAXXZ)
sfml-window-s-d.lib(JoystickImpl.cpp.obj) : error LNK2001: unresolved external symbol "public: class sf::Time __cdecl sf::Clock::getElapsedTime(void)const " (?getElapsedTime@Clock@sf@@QEBA?AVTime@2@XZ)
sfml-window-s-d.lib(Window.cpp.obj) : error LNK2019: unresolved external symbol "void __cdecl sf::sleep(class sf::Time)" (?sleep@sf@@YAXVTime@1@@Z) referenced in function "public: void __cdecl sf::Window::display(void)" (?display@Window@sf@@QEAAXXZ)
sfml-window-s-d.lib(WindowImpl.cpp.obj) : error LNK2001: unresolved external symbol "void __cdecl sf::sleep(class sf::Time)" (?sleep@sf@@YAXVTime@1@@Z)
sfml-window-s-d.lib(Window.cpp.obj) : error LNK2001: unresolved external symbol "public: static class sf::Time const sf::Time::Zero" (?Zero@Time@sf@@2V12@B)
sfml-audio-s-d.lib(InputSoundFile.cpp.obj) : error LNK2001: unresolved external symbol "public: static class sf::Time const sf::Time::Zero" (?Zero@Time@sf@@2V12@B)
sfml-window-s-d.lib(Context.cpp.obj) : error LNK2019: unresolved external symbol "public: __cdecl sf::ThreadLocal::ThreadLocal(void *)" (??0ThreadLocal@sf@@QEAA@PEAX@Z) referenced in function "public: __cdecl sf::ThreadLocalPtr<class sf::Context>::ThreadLocalPtr<class sf::Context>(class sf::Context *)" (??0?$ThreadLocalPtr@VContext@sf@@@sf@@QEAA@PEAVContext@1@@Z)
sfml-window-s-d.lib(GlContext.cpp.obj) : error LNK2001: unresolved external symbol "public: __cdecl sf::ThreadLocal::ThreadLocal(void *)" (??0ThreadLocal@sf@@QEAA@PEAX@Z)
sfml-window-s-d.lib(WglContext.cpp.obj) : error LNK2001: unresolved external symbol "public: __cdecl sf::ThreadLocal::ThreadLocal(void *)" (??0ThreadLocal@sf@@QEAA@PEAX@Z)
sfml-window-s-d.lib(Context.cpp.obj) : error LNK2019: unresolved external symbol "public: __cdecl sf::ThreadLocal::~ThreadLocal(void)" (??1ThreadLocal@sf@@QEAA@XZ) referenced in function "public: __cdecl sf::ThreadLocalPtr<class sf::Context>::~ThreadLocalPtr<class sf::Context>(void)" (??1?$ThreadLocalPtr@VContext@sf@@@sf@@QEAA@XZ)
sfml-window-s-d.lib(GlContext.cpp.obj) : error LNK2001: unresolved external symbol "public: __cdecl sf::ThreadLocal::~ThreadLocal(void)" (??1ThreadLocal@sf@@QEAA@XZ)
sfml-window-s-d.lib(WglContext.cpp.obj) : error LNK2001: unresolved external symbol "public: __cdecl sf::ThreadLocal::~ThreadLocal(void)" (??1ThreadLocal@sf@@QEAA@XZ)
sfml-window-s-d.lib(Context.cpp.obj) : error LNK2019: unresolved external symbol "public: void __cdecl sf::ThreadLocal::setValue(void *)" (?setValue@ThreadLocal@sf@@QEAAXPEAX@Z) referenced in function "public: class sf::ThreadLocalPtr<class sf::Context> & __cdecl sf::ThreadLocalPtr<class sf::Context>::operator=(class sf::Context *)" (??4?$ThreadLocalPtr@VContext@sf@@@sf@@QEAAAEAV01@PEAVContext@1@@Z)
sfml-window-s-d.lib(GlContext.cpp.obj) : error LNK2001: unresolved external symbol "public: void __cdecl sf::ThreadLocal::setValue(void *)" (?setValue@ThreadLocal@sf@@QEAAXPEAX@Z)
sfml-window-s-d.lib(WglContext.cpp.obj) : error LNK2001: unresolved external symbol "public: void __cdecl sf::ThreadLocal::setValue(void *)" (?setValue@ThreadLocal@sf@@QEAAXPEAX@Z)
sfml-window-s-d.lib(Context.cpp.obj) : error LNK2019: unresolved external symbol "public: void * __cdecl sf::ThreadLocal::getValue(void)const " (?getValue@ThreadLocal@sf@@QEBAPEAXXZ) referenced in function "public: __cdecl sf::ThreadLocalPtr<class sf::Context>::operator class sf::Context *(void)const " (??B?$ThreadLocalPtr@VContext@sf@@@sf@@QEBAPEAVContext@1@XZ)
sfml-window-s-d.lib(GlContext.cpp.obj) : error LNK2001: unresolved external symbol "public: void * __cdecl sf::ThreadLocal::getValue(void)const " (?getValue@ThreadLocal@sf@@QEBAPEAXXZ)
sfml-window-s-d.lib(WglContext.cpp.obj) : error LNK2001: unresolved external symbol "public: void * __cdecl sf::ThreadLocal::getValue(void)const " (?getValue@ThreadLocal@sf@@QEBAPEAXXZ)
sfml-window-s-d.lib(WindowImpl.cpp.obj) : error LNK2019: unresolved external symbol "class sf::Time __cdecl sf::milliseconds(int)" (?milliseconds@sf@@YA?AVTime@1@H@Z) referenced in function "public: bool __cdecl sf::priv::WindowImpl::popEvent(class sf::Event &,bool)" (?popEvent@WindowImpl@priv@sf@@QEAA_NAEAVEvent@3@_N@Z)
sfml-window-s-d.lib(JoystickImpl.cpp.obj) : error LNK2001: unresolved external symbol "class sf::Time __cdecl sf::milliseconds(int)" (?milliseconds@sf@@YA?AVTime@1@H@Z)
sfml-window-s-d.lib(WglContext.cpp.obj) : error LNK2019: unresolved external symbol "public: __cdecl sf::String::String(class std::basic_string<wchar_t,struct std::char_traits<wchar_t>,class std::allocator<wchar_t> > const &)" (??0String@sf@@QEAA@AEBV?$basic_string@_WU?$char_traits@_W@std@@V?$allocator@_W@2@@std@@@Z) referenced in function "class sf::String __cdecl sf::priv::getErrorString(unsigned long)" (?getErrorString@priv@sf@@YA?AVString@2@K@Z)
sfml-window-s-d.lib(WglContext.cpp.obj) : error LNK2019: unresolved external symbol "public: __cdecl sf::String::String(class sf::String const &)" (??0String@sf@@QEAA@AEBV01@@Z) referenced in function "class sf::String __cdecl sf::priv::getErrorString(unsigned long)" (?getErrorString@priv@sf@@YA?AVString@2@K@Z)
sfml-window-s-d.lib(Joystick.cpp.obj) : error LNK2001: unresolved external symbol "public: __cdecl sf::String::String(class sf::String const &)" (??0String@sf@@QEAA@AEBV01@@Z)
sfml-window-s-d.lib(JoystickImpl.cpp.obj) : error LNK2001: unresolved external symbol "public: __cdecl sf::String::String(class sf::String const &)" (??0String@sf@@QEAA@AEBV01@@Z)
sfml-window-s-d.lib(WglContext.cpp.obj) : error LNK2019: unresolved external symbol "public: class std::basic_string<char,struct std::char_traits<char>,class std::allocator<char> > __cdecl sf::String::toAnsiString(class std::locale const &)const " (?toAnsiString@String@sf@@QEBA?AV?$basic_string@DU?$char_traits@D@std@@V?$allocator@D@2@@std@@AEBVlocale@4@@Z) referenced in function "public: virtual bool __cdecl sf::priv::WglContext::makeCurrent(bool)" (?makeCurrent@WglContext@priv@sf@@UEAA_N_N@Z)
sfml-window-s-d.lib(JoystickImpl.cpp.obj) : error LNK2001: unresolved external symbol "public: class std::basic_string<char,struct std::char_traits<char>,class std::allocator<char> > __cdecl sf::String::toAnsiString(class std::locale const &)const " (?toAnsiString@String@sf@@QEBA?AV?$basic_string@DU?$char_traits@D@std@@V?$allocator@D@2@@std@@AEBVlocale@4@@Z)
sfml-window-s-d.lib(JoystickManager.cpp.obj) : error LNK2019: unresolved external symbol "public: class sf::String & __cdecl sf::String::operator=(class sf::String const &)" (??4String@sf@@QEAAAEAV01@AEBV01@@Z) referenced in function "public: struct sf::Joystick::Identification & __cdecl sf::Joystick::Identification::operator=(struct sf::Joystick::Identification &&)" (??4Identification@Joystick@sf@@QEAAAEAU012@$$QEAU012@@Z)
sfml-window-s-d.lib(JoystickImpl.cpp.obj) : error LNK2001: unresolved external symbol "public: class sf::String & __cdecl sf::String::operator=(class sf::String const &)" (??4String@sf@@QEAAAEAV01@AEBV01@@Z)
sfml-window-s-d.lib(WindowImplWin32.cpp.obj) : error LNK2019: unresolved external symbol "public: class std::basic_string<wchar_t,struct std::char_traits<wchar_t>,class std::allocator<wchar_t> > __cdecl sf::String::toWideString(void)const " (?toWideString@String@sf@@QEBA?AV?$basic_string@_WU?$char_traits@_W@std@@V?$allocator@_W@2@@std@@XZ) referenced in function "public: __cdecl sf::priv::WindowImplWin32::WindowImplWin32(class sf::VideoMode,class sf::String const &,unsigned int,struct sf::ContextSettings const &)" (??0WindowImplWin32@priv@sf@@QEAA@VVideoMode@2@AEBVString@2@IAEBUContextSettings@2@@Z)
sfml-window-s-d.lib(JoystickImpl.cpp.obj) : error LNK2019: unresolved external symbol "public: __cdecl sf::String::String(wchar_t const *)" (??0String@sf@@QEAA@PEB_W@Z) referenced in function "public: bool __cdecl sf::priv::JoystickImpl::openDInput(unsigned int)" (?openDInput@JoystickImpl@priv@sf@@QEAA_NI@Z)
sfml-window-s-d.lib(JoystickImpl.cpp.obj) : error LNK2019: unresolved external symbol __imp_joyGetPosEx referenced in function "public: static bool __cdecl sf::priv::JoystickImpl::isConnected(unsigned int)" (?isConnected@JoystickImpl@priv@sf@@SA_NI@Z)
sfml-window-s-d.lib(JoystickImpl.cpp.obj) : error LNK2019: unresolved external symbol __imp_joyGetDevCapsW referenced in function "public: bool __cdecl sf::priv::JoystickImpl::open(unsigned int)" (?open@JoystickImpl@priv@sf@@QEAA_NI@Z)
sfml-window-s-d.lib(JoystickImpl.cpp.obj) : error LNK2019: unresolved external symbol "bool __cdecl sf::operator>(class sf::Time,class sf::Time)" (??Osf@@YA_NVTime@0@0@Z) referenced in function "public: static bool __cdecl sf::priv::JoystickImpl::isConnected(unsigned int)" (?isConnected@JoystickImpl@priv@sf@@SA_NI@Z)
sfml-audio-s-d.lib(SoundBuffer.cpp.obj) : error LNK2019: unresolved external symbol "public: __cdecl sf::Time::Time(void)" (??0Time@sf@@QEAA@XZ) referenced in function "public: __cdecl sf::SoundBuffer::SoundBuffer(void)" (??0SoundBuffer@sf@@QEAA@XZ)
sfml-audio-s-d.lib(InputSoundFile.cpp.obj) : error LNK2019: unresolved external symbol "public: __cdecl sf::FileInputStream::FileInputStream(void)" (??0FileInputStream@sf@@QEAA@XZ) referenced in function "public: bool __cdecl sf::InputSoundFile::openFromFile(class std::basic_string<char,struct std::char_traits<char>,class std::allocator<char> > const &)" (?openFromFile@InputSoundFile@sf@@QEAA_NAEBV?$basic_string@DU?$char_traits@D@std@@V?$allocator@D@2@@std@@@Z)
sfml-audio-s-d.lib(SoundFileFactory.cpp.obj) : error LNK2001: unresolved external symbol "public: __cdecl sf::FileInputStream::FileInputStream(void)" (??0FileInputStream@sf@@QEAA@XZ)
sfml-audio-s-d.lib(InputSoundFile.cpp.obj) : error LNK2019: unresolved external symbol "public: bool __cdecl sf::FileInputStream::open(class std::basic_string<char,struct std::char_traits<char>,class std::allocator<char> > const &)" (?open@FileInputStream@sf@@QEAA_NAEBV?$basic_string@DU?$char_traits@D@std@@V?$allocator@D@2@@std@@@Z) referenced in function "public: bool __cdecl sf::InputSoundFile::openFromFile(class std::basic_string<char,struct std::char_traits<char>,class std::allocator<char> > const &)" (?openFromFile@InputSoundFile@sf@@QEAA_NAEBV?$basic_string@DU?$char_traits@D@std@@V?$allocator@D@2@@std@@@Z)
sfml-audio-s-d.lib(SoundFileFactory.cpp.obj) : error LNK2001: unresolved external symbol "public: bool __cdecl sf::FileInputStream::open(class std::basic_string<char,struct std::char_traits<char>,class std::allocator<char> > const &)" (?open@FileInputStream@sf@@QEAA_NAEBV?$basic_string@DU?$char_traits@D@std@@V?$allocator@D@2@@std@@@Z)
sfml-audio-s-d.lib(InputSoundFile.cpp.obj) : error LNK2019: unresolved external symbol "public: __cdecl sf::MemoryInputStream::MemoryInputStream(void)" (??0MemoryInputStream@sf@@QEAA@XZ) referenced in function "public: bool __cdecl sf::InputSoundFile::openFromMemory(void const *,unsigned __int64)" (?openFromMemory@InputSoundFile@sf@@QEAA_NPEBX_K@Z)
sfml-audio-s-d.lib(SoundFileFactory.cpp.obj) : error LNK2001: unresolved external symbol "public: __cdecl sf::MemoryInputStream::MemoryInputStream(void)" (??0MemoryInputStream@sf@@QEAA@XZ)
sfml-audio-s-d.lib(InputSoundFile.cpp.obj) : error LNK2019: unresolved external symbol "public: void __cdecl sf::MemoryInputStream::open(void const *,unsigned __int64)" (?open@MemoryInputStream@sf@@QEAAXPEBX_K@Z) referenced in function "public: bool __cdecl sf::InputSoundFile::openFromMemory(void const *,unsigned __int64)" (?openFromMemory@InputSoundFile@sf@@QEAA_NPEBX_K@Z)
sfml-audio-s-d.lib(SoundFileFactory.cpp.obj) : error LNK2001: unresolved external symbol "public: void __cdecl sf::MemoryInputStream::open(void const *,unsigned __int64)" (?open@MemoryInputStream@sf@@QEAAXPEBX_K@Z)
sfml-audio-s-d.lib(SoundFileFactory.cpp.obj) : error LNK2019: unresolved external symbol "public: virtual __cdecl sf::FileInputStream::~FileInputStream(void)" (??1FileInputStream@sf@@UEAA@XZ) referenced in function "public: static class sf::SoundFileReader * __cdecl sf::SoundFileFactory::createReaderFromFilename(class std::basic_string<char,struct std::char_traits<char>,class std::allocator<char> > const &)" (?createReaderFromFilename@SoundFileFactory@sf@@SAPEAVSoundFileReader@2@AEBV?$basic_string@DU?$char_traits@D@std@@V?$allocator@D@2@@std@@@Z)
sfml-audio-s-d.lib(SoundFileFactory.cpp.obj) : error LNK2019: unresolved external symbol "public: virtual __int64 __cdecl sf::FileInputStream::seek(__int64)" (?seek@FileInputStream@sf@@UEAA_J_J@Z) referenced in function "public: static class sf::SoundFileReader * __cdecl sf::SoundFileFactory::createReaderFromFilename(class std::basic_string<char,struct std::char_traits<char>,class std::allocator<char> > const &)" (?createReaderFromFilename@SoundFileFactory@sf@@SAPEAVSoundFileReader@2@AEBV?$basic_string@DU?$char_traits@D@std@@V?$allocator@D@2@@std@@@Z)
sfml-audio-s-d.lib(SoundFileFactory.cpp.obj) : error LNK2019: unresolved external symbol "public: virtual __int64 __cdecl sf::MemoryInputStream::seek(__int64)" (?seek@MemoryInputStream@sf@@UEAA_J_J@Z) referenced in function "public: static class sf::SoundFileReader * __cdecl sf::SoundFileFactory::createReaderFromMemory(void const *,unsigned __int64)" (?createReaderFromMemory@SoundFileFactory@sf@@SAPEAVSoundFileReader@2@PEBX_K@Z)
sfml-audio-s-d.lib(SoundFileReaderFlac.cpp.obj) : error LNK2019: unresolved external symbol FLAC__stream_decoder_new referenced in function "public: static bool __cdecl sf::priv::SoundFileReaderFlac::check(class sf::InputStream &)" (?check@SoundFileReaderFlac@priv@sf@@SA_NAEAVInputStream@3@@Z)
sfml-audio-s-d.lib(SoundFileReaderFlac.cpp.obj) : error LNK2019: unresolved external symbol FLAC__stream_decoder_delete referenced in function "public: static bool __cdecl sf::priv::SoundFileReaderFlac::check(class sf::InputStream &)" (?check@SoundFileReaderFlac@priv@sf@@SA_NAEAVInputStream@3@@Z)
sfml-audio-s-d.lib(SoundFileReaderFlac.cpp.obj) : error LNK2019: unresolved external symbol FLAC__stream_decoder_get_state referenced in function "public: virtual unsigned __int64 __cdecl sf::priv::SoundFileReaderFlac::read(short *,unsigned __int64)" (?read@SoundFileReaderFlac@priv@sf@@UEAA_KPEAF_K@Z)
sfml-audio-s-d.lib(SoundFileReaderFlac.cpp.obj) : error LNK2019: unresolved external symbol FLAC__stream_decoder_init_stream referenced in function "public: static bool __cdecl sf::priv::SoundFileReaderFlac::check(class sf::InputStream &)" (?check@SoundFileReaderFlac@priv@sf@@SA_NAEAVInputStream@3@@Z)
sfml-audio-s-d.lib(SoundFileReaderFlac.cpp.obj) : error LNK2019: unresolved external symbol FLAC__stream_decoder_finish referenced in function "public: static bool __cdecl sf::priv::SoundFileReaderFlac::check(class sf::InputStream &)" (?check@SoundFileReaderFlac@priv@sf@@SA_NAEAVInputStream@3@@Z)
sfml-audio-s-d.lib(SoundFileReaderFlac.cpp.obj) : error LNK2019: unresolved external symbol FLAC__stream_decoder_process_single referenced in function "public: virtual unsigned __int64 __cdecl sf::priv::SoundFileReaderFlac::read(short *,unsigned __int64)" (?read@SoundFileReaderFlac@priv@sf@@UEAA_KPEAF_K@Z)
sfml-audio-s-d.lib(SoundFileReaderFlac.cpp.obj) : error LNK2019: unresolved external symbol FLAC__stream_decoder_process_until_end_of_metadata referenced in function "public: static bool __cdecl sf::priv::SoundFileReaderFlac::check(class sf::InputStream &)" (?check@SoundFileReaderFlac@priv@sf@@SA_NAEAVInputStream@3@@Z)
sfml-audio-s-d.lib(SoundFileReaderFlac.cpp.obj) : error LNK2019: unresolved external symbol FLAC__stream_decoder_skip_single_frame referenced in function "public: virtual void __cdecl sf::priv::SoundFileReaderFlac::seek(unsigned __int64)" (?seek@SoundFileReaderFlac@priv@sf@@UEAAX_K@Z)
sfml-audio-s-d.lib(SoundFileReaderFlac.cpp.obj) : error LNK2019: unresolved external symbol FLAC__stream_decoder_seek_absolute referenced in function "public: virtual void __cdecl sf::priv::SoundFileReaderFlac::seek(unsigned __int64)" (?seek@SoundFileReaderFlac@priv@sf@@UEAAX_K@Z)
sfml-audio-s-d.lib(SoundFileWriterFlac.cpp.obj) : error LNK2019: unresolved external symbol FLAC__stream_encoder_new referenced in function "public: virtual bool __cdecl sf::priv::SoundFileWriterFlac::open(class std::basic_string<char,struct std::char_traits<char>,class std::allocator<char> > const &,unsigned int,unsigned int)" (?open@SoundFileWriterFlac@priv@sf@@UEAA_NAEBV?$basic_string@DU?$char_traits@D@std@@V?$allocator@D@2@@std@@II@Z)
sfml-audio-s-d.lib(SoundFileWriterFlac.cpp.obj) : error LNK2019: unresolved external symbol FLAC__stream_encoder_delete referenced in function "private: void __cdecl sf::priv::SoundFileWriterFlac::close(void)" (?close@SoundFileWriterFlac@priv@sf@@AEAAXXZ)
sfml-audio-s-d.lib(SoundFileWriterFlac.cpp.obj) : error LNK2019: unresolved external symbol FLAC__stream_encoder_set_channels referenced in function "public: virtual bool __cdecl sf::priv::SoundFileWriterFlac::open(class std::basic_string<char,struct std::char_traits<char>,class std::allocator<char> > const &,unsigned int,unsigned int)" (?open@SoundFileWriterFlac@priv@sf@@UEAA_NAEBV?$basic_string@DU?$char_traits@D@std@@V?$allocator@D@2@@std@@II@Z)
sfml-audio-s-d.lib(SoundFileWriterFlac.cpp.obj) : error LNK2019: unresolved external symbol FLAC__stream_encoder_set_bits_per_sample referenced in function "public: virtual bool __cdecl sf::priv::SoundFileWriterFlac::open(class std::basic_string<char,struct std::char_traits<char>,class std::allocator<char> > const &,unsigned int,unsigned int)" (?open@SoundFileWriterFlac@priv@sf@@UEAA_NAEBV?$basic_string@DU?$char_traits@D@std@@V?$allocator@D@2@@std@@II@Z)
sfml-audio-s-d.lib(SoundFileWriterFlac.cpp.obj) : error LNK2019: unresolved external symbol FLAC__stream_encoder_set_sample_rate referenced in function "public: virtual bool __cdecl sf::priv::SoundFileWriterFlac::open(class std::basic_string<char,struct std::char_traits<char>,class std::allocator<char> > const &,unsigned int,unsigned int)" (?open@SoundFileWriterFlac@priv@sf@@UEAA_NAEBV?$basic_string@DU?$char_traits@D@std@@V?$allocator@D@2@@std@@II@Z)
sfml-audio-s-d.lib(SoundFileWriterFlac.cpp.obj) : error LNK2019: unresolved external symbol FLAC__stream_encoder_init_file referenced in function "public: virtual bool __cdecl sf::priv::SoundFileWriterFlac::open(class std::basic_string<char,struct std::char_traits<char>,class std::allocator<char> > const &,unsigned int,unsigned int)" (?open@SoundFileWriterFlac@priv@sf@@UEAA_NAEBV?$basic_string@DU?$char_traits@D@std@@V?$allocator@D@2@@std@@II@Z)
sfml-audio-s-d.lib(SoundFileWriterFlac.cpp.obj) : error LNK2019: unresolved external symbol FLAC__stream_encoder_finish referenced in function "private: void __cdecl sf::priv::SoundFileWriterFlac::close(void)" (?close@SoundFileWriterFlac@priv@sf@@AEAAXXZ)
sfml-audio-s-d.lib(SoundFileWriterFlac.cpp.obj) : error LNK2019: unresolved external symbol FLAC__stream_encoder_process_interleaved referenced in function "public: virtual void __cdecl sf::priv::SoundFileWriterFlac::write(short const *,unsigned __int64)" (?write@SoundFileWriterFlac@priv@sf@@UEAAXPEBF_K@Z)
sfml-audio-s-d.lib(SoundFileReaderOgg.cpp.obj) : error LNK2019: unresolved external symbol ov_clear referenced in function "public: static bool __cdecl sf::priv::SoundFileReaderOgg::check(class sf::InputStream &)" (?check@SoundFileReaderOgg@priv@sf@@SA_NAEAVInputStream@3@@Z)
sfml-audio-s-d.lib(SoundFileReaderOgg.cpp.obj) : error LNK2019: unresolved external symbol ov_open_callbacks referenced in function "public: virtual bool __cdecl sf::priv::SoundFileReaderOgg::open(class sf::InputStream &,struct sf::SoundFileReader::Info &)" (?open@SoundFileReaderOgg@priv@sf@@UEAA_NAEAVInputStream@3@AEAUInfo@SoundFileReader@3@@Z)
sfml-audio-s-d.lib(SoundFileReaderOgg.cpp.obj) : error LNK2019: unresolved external symbol ov_test_callbacks referenced in function "public: static bool __cdecl sf::priv::SoundFileReaderOgg::check(class sf::InputStream &)" (?check@SoundFileReaderOgg@priv@sf@@SA_NAEAVInputStream@3@@Z)
sfml-audio-s-d.lib(SoundFileReaderOgg.cpp.obj) : error LNK2019: unresolved external symbol ov_pcm_total referenced in function "public: virtual bool __cdecl sf::priv::SoundFileReaderOgg::open(class sf::InputStream &,struct sf::SoundFileReader::Info &)" (?open@SoundFileReaderOgg@priv@sf@@UEAA_NAEAVInputStream@3@AEAUInfo@SoundFileReader@3@@Z)
sfml-audio-s-d.lib(SoundFileReaderOgg.cpp.obj) : error LNK2019: unresolved external symbol ov_pcm_seek referenced in function "public: virtual void __cdecl sf::priv::SoundFileReaderOgg::seek(unsigned __int64)" (?seek@SoundFileReaderOgg@priv@sf@@UEAAX_K@Z)
sfml-audio-s-d.lib(SoundFileReaderOgg.cpp.obj) : error LNK2019: unresolved external symbol ov_info referenced in function "public: virtual bool __cdecl sf::priv::SoundFileReaderOgg::open(class sf::InputStream &,struct sf::SoundFileReader::Info &)" (?open@SoundFileReaderOgg@priv@sf@@UEAA_NAEAVInputStream@3@AEAUInfo@SoundFileReader@3@@Z)
sfml-audio-s-d.lib(SoundFileReaderOgg.cpp.obj) : error LNK2019: unresolved external symbol ov_read referenced in function "public: virtual unsigned __int64 __cdecl sf::priv::SoundFileReaderOgg::read(short *,unsigned __int64)" (?read@SoundFileReaderOgg@priv@sf@@UEAA_KPEAF_K@Z)
sfml-audio-s-d.lib(SoundFileWriterOgg.cpp.obj) : error LNK2019: unresolved external symbol ogg_stream_packetin referenced in function "public: virtual bool __cdecl sf::priv::SoundFileWriterOgg::open(class std::basic_string<char,struct std::char_traits<char>,class std::allocator<char> > const &,unsigned int,unsigned int)" (?open@SoundFileWriterOgg@priv@sf@@UEAA_NAEBV?$basic_string@DU?$char_traits@D@std@@V?$allocator@D@2@@std@@II@Z)
sfml-audio-s-d.lib(SoundFileWriterOgg.cpp.obj) : error LNK2019: unresolved external symbol ogg_stream_flush referenced in function "public: virtual bool __cdecl sf::priv::SoundFileWriterOgg::open(class std::basic_string<char,struct std::char_traits<char>,class std::allocator<char> > const &,unsigned int,unsigned int)" (?open@SoundFileWriterOgg@priv@sf@@UEAA_NAEBV?$basic_string@DU?$char_traits@D@std@@V?$allocator@D@2@@std@@II@Z)
sfml-audio-s-d.lib(SoundFileWriterOgg.cpp.obj) : error LNK2019: unresolved external symbol ogg_stream_init referenced in function "public: virtual bool __cdecl sf::priv::SoundFileWriterOgg::open(class std::basic_string<char,struct std::char_traits<char>,class std::allocator<char> > const &,unsigned int,unsigned int)" (?open@SoundFileWriterOgg@priv@sf@@UEAA_NAEBV?$basic_string@DU?$char_traits@D@std@@V?$allocator@D@2@@std@@II@Z)
sfml-audio-s-d.lib(SoundFileWriterOgg.cpp.obj) : error LNK2019: unresolved external symbol ogg_stream_clear referenced in function "private: void __cdecl sf::priv::SoundFileWriterOgg::close(void)" (?close@SoundFileWriterOgg@priv@sf@@AEAAXXZ)
sfml-audio-s-d.lib(SoundFileWriterOgg.cpp.obj) : error LNK2019: unresolved external symbol vorbis_info_init referenced in function "public: virtual bool __cdecl sf::priv::SoundFileWriterOgg::open(class std::basic_string<char,struct std::char_traits<char>,class std::allocator<char> > const &,unsigned int,unsigned int)" (?open@SoundFileWriterOgg@priv@sf@@UEAA_NAEBV?$basic_string@DU?$char_traits@D@std@@V?$allocator@D@2@@std@@II@Z)
sfml-audio-s-d.lib(SoundFileWriterOgg.cpp.obj) : error LNK2019: unresolved external symbol vorbis_info_clear referenced in function "private: void __cdecl sf::priv::SoundFileWriterOgg::close(void)" (?close@SoundFileWriterOgg@priv@sf@@AEAAXXZ)
sfml-audio-s-d.lib(SoundFileWriterOgg.cpp.obj) : error LNK2019: unresolved external symbol vorbis_comment_init referenced in function "public: virtual bool __cdecl sf::priv::SoundFileWriterOgg::open(class std::basic_string<char,struct std::char_traits<char>,class std::allocator<char> > const &,unsigned int,unsigned int)" (?open@SoundFileWriterOgg@priv@sf@@UEAA_NAEBV?$basic_string@DU?$char_traits@D@std@@V?$allocator@D@2@@std@@II@Z)
sfml-audio-s-d.lib(SoundFileWriterOgg.cpp.obj) : error LNK2019: unresolved external symbol vorbis_comment_clear referenced in function "public: virtual bool __cdecl sf::priv::SoundFileWriterOgg::open(class std::basic_string<char,struct std::char_traits<char>,class std::allocator<char> > const &,unsigned int,unsigned int)" (?open@SoundFileWriterOgg@priv@sf@@UEAA_NAEBV?$basic_string@DU?$char_traits@D@std@@V?$allocator@D@2@@std@@II@Z)
sfml-audio-s-d.lib(SoundFileWriterOgg.cpp.obj) : error LNK2019: unresolved external symbol vorbis_block_init referenced in function "private: void __cdecl sf::priv::SoundFileWriterOgg::flushBlocks(void)" (?flushBlocks@SoundFileWriterOgg@priv@sf@@AEAAXXZ)
sfml-audio-s-d.lib(SoundFileWriterOgg.cpp.obj) : error LNK2019: unresolved external symbol vorbis_block_clear referenced in function "private: void __cdecl sf::priv::SoundFileWriterOgg::flushBlocks(void)" (?flushBlocks@SoundFileWriterOgg@priv@sf@@AEAAXXZ)
sfml-audio-s-d.lib(SoundFileWriterOgg.cpp.obj) : error LNK2019: unresolved external symbol vorbis_dsp_clear referenced in function "private: void __cdecl sf::priv::SoundFileWriterOgg::close(void)" (?close@SoundFileWriterOgg@priv@sf@@AEAAXXZ)
sfml-audio-s-d.lib(SoundFileWriterOgg.cpp.obj) : error LNK2019: unresolved external symbol vorbis_analysis_init referenced in function "public: virtual bool __cdecl sf::priv::SoundFileWriterOgg::open(class std::basic_string<char,struct std::char_traits<char>,class std::allocator<char> > const &,unsigned int,unsigned int)" (?open@SoundFileWriterOgg@priv@sf@@UEAA_NAEBV?$basic_string@DU?$char_traits@D@std@@V?$allocator@D@2@@std@@II@Z)
sfml-audio-s-d.lib(SoundFileWriterOgg.cpp.obj) : error LNK2019: unresolved external symbol vorbis_analysis_headerout referenced in function "public: virtual bool __cdecl sf::priv::SoundFileWriterOgg::open(class std::basic_string<char,struct std::char_traits<char>,class std::allocator<char> > const &,unsigned int,unsigned int)" (?open@SoundFileWriterOgg@priv@sf@@UEAA_NAEBV?$basic_string@DU?$char_traits@D@std@@V?$allocator@D@2@@std@@II@Z)
sfml-audio-s-d.lib(SoundFileWriterOgg.cpp.obj) : error LNK2019: unresolved external symbol vorbis_analysis_buffer referenced in function "public: virtual void __cdecl sf::priv::SoundFileWriterOgg::write(short const *,unsigned __int64)" (?write@SoundFileWriterOgg@priv@sf@@UEAAXPEBF_K@Z)
sfml-audio-s-d.lib(SoundFileWriterOgg.cpp.obj) : error LNK2019: unresolved external symbol vorbis_analysis_wrote referenced in function "public: virtual void __cdecl sf::priv::SoundFileWriterOgg::write(short const *,unsigned __int64)" (?write@SoundFileWriterOgg@priv@sf@@UEAAXPEBF_K@Z)
sfml-audio-s-d.lib(SoundFileWriterOgg.cpp.obj) : error LNK2019: unresolved external symbol vorbis_analysis_blockout referenced in function "private: void __cdecl sf::priv::SoundFileWriterOgg::flushBlocks(void)" (?flushBlocks@SoundFileWriterOgg@priv@sf@@AEAAXXZ)
sfml-audio-s-d.lib(SoundFileWriterOgg.cpp.obj) : error LNK2019: unresolved external symbol vorbis_analysis referenced in function "private: void __cdecl sf::priv::SoundFileWriterOgg::flushBlocks(void)" (?flushBlocks@SoundFileWriterOgg@priv@sf@@AEAAXXZ)
sfml-audio-s-d.lib(SoundFileWriterOgg.cpp.obj) : error LNK2019: unresolved external symbol vorbis_bitrate_addblock referenced in function "private: void __cdecl sf::priv::SoundFileWriterOgg::flushBlocks(void)" (?flushBlocks@SoundFileWriterOgg@priv@sf@@AEAAXXZ)
sfml-audio-s-d.lib(SoundFileWriterOgg.cpp.obj) : error LNK2019: unresolved external symbol vorbis_bitrate_flushpacket referenced in function "private: void __cdecl sf::priv::SoundFileWriterOgg::flushBlocks(void)" (?flushBlocks@SoundFileWriterOgg@priv@sf@@AEAAXXZ)
sfml-audio-s-d.lib(SoundFileWriterOgg.cpp.obj) : error LNK2019: unresolved external symbol vorbis_encode_init_vbr referenced in function "public: virtual bool __cdecl sf::priv::SoundFileWriterOgg::open(class std::basic_string<char,struct std::char_traits<char>,class std::allocator<char> > const &,unsigned int,unsigned int)" (?open@SoundFileWriterOgg@priv@sf@@UEAA_NAEBV?$basic_string@DU?$char_traits@D@std@@V?$allocator@D@2@@std@@II@Z)
E:\Other Projects\Gad173_Project_Repo\GAD173 Project\x64\Debug\Sound.exe : fatal error LNK1120: 81 unresolved externals
