sfml-audio-s.lib(Sound.cpp.obj) : error LNK2038: mismatch detected for '_ITERATOR_DEBUG_LEVEL': value '0' doesn't match value '2' in Source.obj
sfml-audio-s.lib(Sound.cpp.obj) : error LNK2038: mismatch detected for 'RuntimeLibrary': value 'MD_DynamicRelease' doesn't match value 'MDd_DynamicDebug' in Source.obj
sfml-audio-s.lib(SoundBuffer.cpp.obj) : error LNK2038: mismatch detected for '_ITERATOR_DEBUG_LEVEL': value '0' doesn't match value '2' in Source.obj
sfml-audio-s.lib(SoundBuffer.cpp.obj) : error LNK2038: mismatch detected for 'RuntimeLibrary': value 'MD_DynamicRelease' doesn't match value 'MDd_DynamicDebug' in Source.obj
sfml-audio-s.lib(AlResource.cpp.obj) : error LNK2038: mismatch detected for '_ITERATOR_DEBUG_LEVEL': value '0' doesn't match value '2' in Source.obj
sfml-audio-s.lib(AlResource.cpp.obj) : error LNK2038: mismatch detected for 'RuntimeLibrary': value 'MD_DynamicRelease' doesn't match value 'MDd_DynamicDebug' in Source.obj
sfml-audio-s.lib(InputSoundFile.cpp.obj) : error LNK2038: mismatch detected for '_ITERATOR_DEBUG_LEVEL': value '0' doesn't match value '2' in Source.obj
sfml-audio-s.lib(InputSoundFile.cpp.obj) : error LNK2038: mismatch detected for 'RuntimeLibrary': value 'MD_DynamicRelease' doesn't match value 'MDd_DynamicDebug' in Source.obj
sfml-audio-s.lib(OutputSoundFile.cpp.obj) : error LNK2038: mismatch detected for '_ITERATOR_DEBUG_LEVEL': value '0' doesn't match value '2' in Source.obj
sfml-audio-s.lib(OutputSoundFile.cpp.obj) : error LNK2038: mismatch detected for 'RuntimeLibrary': value 'MD_DynamicRelease' doesn't match value 'MDd_DynamicDebug' in Source.obj
sfml-audio-s.lib(AudioDevice.cpp.obj) : error LNK2038: mismatch detected for '_ITERATOR_DEBUG_LEVEL': value '0' doesn't match value '2' in Source.obj
sfml-audio-s.lib(AudioDevice.cpp.obj) : error LNK2038: mismatch detected for 'RuntimeLibrary': value 'MD_DynamicRelease' doesn't match value 'MDd_DynamicDebug' in Source.obj
sfml-audio-s.lib(SoundFileFactory.cpp.obj) : error LNK2038: mismatch detected for '_ITERATOR_DEBUG_LEVEL': value '0' doesn't match value '2' in Source.obj
sfml-audio-s.lib(SoundFileFactory.cpp.obj) : error LNK2038: mismatch detected for 'RuntimeLibrary': value 'MD_DynamicRelease' doesn't match value 'MDd_DynamicDebug' in Source.obj
sfml-audio-s.lib(SoundFileReaderFlac.cpp.obj) : error LNK2038: mismatch detected for '_ITERATOR_DEBUG_LEVEL': value '0' doesn't match value '2' in Source.obj
sfml-audio-s.lib(SoundFileReaderFlac.cpp.obj) : error LNK2038: mismatch detected for 'RuntimeLibrary': value 'MD_DynamicRelease' doesn't match value 'MDd_DynamicDebug' in Source.obj
sfml-audio-s.lib(SoundFileWriterFlac.cpp.obj) : error LNK2038: mismatch detected for '_ITERATOR_DEBUG_LEVEL': value '0' doesn't match value '2' in Source.obj
sfml-audio-s.lib(SoundFileWriterFlac.cpp.obj) : error LNK2038: mismatch detected for 'RuntimeLibrary': value 'MD_DynamicRelease' doesn't match value 'MDd_DynamicDebug' in Source.obj
sfml-audio-s.lib(SoundFileReaderOgg.cpp.obj) : error LNK2038: mismatch detected for '_ITERATOR_DEBUG_LEVEL': value '0' doesn't match value '2' in Source.obj
sfml-audio-s.lib(SoundFileReaderOgg.cpp.obj) : error LNK2038: mismatch detected for 'RuntimeLibrary': value 'MD_DynamicRelease' doesn't match value 'MDd_DynamicDebug' in Source.obj
sfml-audio-s.lib(SoundFileWriterOgg.cpp.obj) : error LNK2038: mismatch detected for '_ITERATOR_DEBUG_LEVEL': value '0' doesn't match value '2' in Source.obj
sfml-audio-s.lib(SoundFileWriterOgg.cpp.obj) : error LNK2038: mismatch detected for 'RuntimeLibrary': value 'MD_DynamicRelease' doesn't match value 'MDd_DynamicDebug' in Source.obj
sfml-audio-s.lib(SoundFileReaderWav.cpp.obj) : error LNK2038: mismatch detected for '_ITERATOR_DEBUG_LEVEL': value '0' doesn't match value '2' in Source.obj
sfml-audio-s.lib(SoundFileReaderWav.cpp.obj) : error LNK2038: mismatch detected for 'RuntimeLibrary': value 'MD_DynamicRelease' doesn't match value 'MDd_DynamicDebug' in Source.obj
sfml-audio-s.lib(SoundFileWriterWav.cpp.obj) : error LNK2038: mismatch detected for '_ITERATOR_DEBUG_LEVEL': value '0' doesn't match value '2' in Source.obj
sfml-audio-s.lib(SoundFileWriterWav.cpp.obj) : error LNK2038: mismatch detected for 'RuntimeLibrary': value 'MD_DynamicRelease' doesn't match value 'MDd_DynamicDebug' in Source.obj
sfml-system-s.lib(Err.cpp.obj) : error LNK2038: mismatch detected for '_ITERATOR_DEBUG_LEVEL': value '0' doesn't match value '2' in Source.obj
sfml-system-s.lib(Err.cpp.obj) : error LNK2038: mismatch detected for 'RuntimeLibrary': value 'MD_DynamicRelease' doesn't match value 'MDd_DynamicDebug' in Source.obj
sfml-system-s.lib(FileInputStream.cpp.obj) : error LNK2038: mismatch detected for '_ITERATOR_DEBUG_LEVEL': value '0' doesn't match value '2' in Source.obj
sfml-system-s.lib(FileInputStream.cpp.obj) : error LNK2038: mismatch detected for 'RuntimeLibrary': value 'MD_DynamicRelease' doesn't match value 'MDd_DynamicDebug' in Source.obj
sfml-system-s.lib(MemoryInputStream.cpp.obj) : error LNK2038: mismatch detected for '_ITERATOR_DEBUG_LEVEL': value '0' doesn't match value '2' in Source.obj
sfml-system-s.lib(MemoryInputStream.cpp.obj) : error LNK2038: mismatch detected for 'RuntimeLibrary': value 'MD_DynamicRelease' doesn't match value 'MDd_DynamicDebug' in Source.obj
LINK : warning LNK4098: defaultlib 'MSVCRT' conflicts with use of other libs; use /NODEFAULTLIB:library
sfml-audio-s.lib(SoundFileReaderFlac.cpp.obj) : error LNK2019: unresolved external symbol FLAC__stream_decoder_new referenced in function "public: static bool __cdecl sf::priv::SoundFileReaderFlac::check(class sf::InputStream &)" (?check@SoundFileReaderFlac@priv@sf@@SA_NAEAVInputStream@3@@Z)
sfml-audio-s.lib(SoundFileReaderFlac.cpp.obj) : error LNK2019: unresolved external symbol FLAC__stream_decoder_delete referenced in function "public: virtual __cdecl sf::priv::SoundFileReaderFlac::~SoundFileReaderFlac(void)" (??1SoundFileReaderFlac@priv@sf@@UEAA@XZ)
sfml-audio-s.lib(SoundFileReaderFlac.cpp.obj) : error LNK2019: unresolved external symbol FLAC__stream_decoder_get_state referenced in function "public: virtual unsigned __int64 __cdecl sf::priv::SoundFileReaderFlac::read(short *,unsigned __int64)" (?read@SoundFileReaderFlac@priv@sf@@UEAA_KPEAF_K@Z)
sfml-audio-s.lib(SoundFileReaderFlac.cpp.obj) : error LNK2019: unresolved external symbol FLAC__stream_decoder_init_stream referenced in function "public: static bool __cdecl sf::priv::SoundFileReaderFlac::check(class sf::InputStream &)" (?check@SoundFileReaderFlac@priv@sf@@SA_NAEAVInputStream@3@@Z)
sfml-audio-s.lib(SoundFileReaderFlac.cpp.obj) : error LNK2019: unresolved external symbol FLAC__stream_decoder_finish referenced in function "public: virtual __cdecl sf::priv::SoundFileReaderFlac::~SoundFileReaderFlac(void)" (??1SoundFileReaderFlac@priv@sf@@UEAA@XZ)
sfml-audio-s.lib(SoundFileReaderFlac.cpp.obj) : error LNK2019: unresolved external symbol FLAC__stream_decoder_process_single referenced in function "public: virtual unsigned __int64 __cdecl sf::priv::SoundFileReaderFlac::read(short *,unsigned __int64)" (?read@SoundFileReaderFlac@priv@sf@@UEAA_KPEAF_K@Z)
sfml-audio-s.lib(SoundFileReaderFlac.cpp.obj) : error LNK2019: unresolved external symbol FLAC__stream_decoder_process_until_end_of_metadata referenced in function "public: static bool __cdecl sf::priv::SoundFileReaderFlac::check(class sf::InputStream &)" (?check@SoundFileReaderFlac@priv@sf@@SA_NAEAVInputStream@3@@Z)
sfml-audio-s.lib(SoundFileReaderFlac.cpp.obj) : error LNK2019: unresolved external symbol FLAC__stream_decoder_skip_single_frame referenced in function "public: virtual void __cdecl sf::priv::SoundFileReaderFlac::seek(unsigned __int64)" (?seek@SoundFileReaderFlac@priv@sf@@UEAAX_K@Z)
sfml-audio-s.lib(SoundFileReaderFlac.cpp.obj) : error LNK2019: unresolved external symbol FLAC__stream_decoder_seek_absolute referenced in function "public: virtual void __cdecl sf::priv::SoundFileReaderFlac::seek(unsigned __int64)" (?seek@SoundFileReaderFlac@priv@sf@@UEAAX_K@Z)
sfml-audio-s.lib(SoundFileWriterFlac.cpp.obj) : error LNK2019: unresolved external symbol FLAC__stream_encoder_new referenced in function "public: virtual bool __cdecl sf::priv::SoundFileWriterFlac::open(class std::basic_string<char,struct std::char_traits<char>,class std::allocator<char> > const &,unsigned int,unsigned int)" (?open@SoundFileWriterFlac@priv@sf@@UEAA_NAEBV?$basic_string@DU?$char_traits@D@std@@V?$allocator@D@2@@std@@II@Z)
sfml-audio-s.lib(SoundFileWriterFlac.cpp.obj) : error LNK2019: unresolved external symbol FLAC__stream_encoder_delete referenced in function "public: virtual __cdecl sf::priv::SoundFileWriterFlac::~SoundFileWriterFlac(void)" (??1SoundFileWriterFlac@priv@sf@@UEAA@XZ)
sfml-audio-s.lib(SoundFileWriterFlac.cpp.obj) : error LNK2019: unresolved external symbol FLAC__stream_encoder_set_channels referenced in function "public: virtual bool __cdecl sf::priv::SoundFileWriterFlac::open(class std::basic_string<char,struct std::char_traits<char>,class std::allocator<char> > const &,unsigned int,unsigned int)" (?open@SoundFileWriterFlac@priv@sf@@UEAA_NAEBV?$basic_string@DU?$char_traits@D@std@@V?$allocator@D@2@@std@@II@Z)
sfml-audio-s.lib(SoundFileWriterFlac.cpp.obj) : error LNK2019: unresolved external symbol FLAC__stream_encoder_set_bits_per_sample referenced in function "public: virtual bool __cdecl sf::priv::SoundFileWriterFlac::open(class std::basic_string<char,struct std::char_traits<char>,class std::allocator<char> > const &,unsigned int,unsigned int)" (?open@SoundFileWriterFlac@priv@sf@@UEAA_NAEBV?$basic_string@DU?$char_traits@D@std@@V?$allocator@D@2@@std@@II@Z)
sfml-audio-s.lib(SoundFileWriterFlac.cpp.obj) : error LNK2019: unresolved external symbol FLAC__stream_encoder_set_sample_rate referenced in function "public: virtual bool __cdecl sf::priv::SoundFileWriterFlac::open(class std::basic_string<char,struct std::char_traits<char>,class std::allocator<char> > const &,unsigned int,unsigned int)" (?open@SoundFileWriterFlac@priv@sf@@UEAA_NAEBV?$basic_string@DU?$char_traits@D@std@@V?$allocator@D@2@@std@@II@Z)
sfml-audio-s.lib(SoundFileWriterFlac.cpp.obj) : error LNK2019: unresolved external symbol FLAC__stream_encoder_init_file referenced in function "public: virtual bool __cdecl sf::priv::SoundFileWriterFlac::open(class std::basic_string<char,struct std::char_traits<char>,class std::allocator<char> > const &,unsigned int,unsigned int)" (?open@SoundFileWriterFlac@priv@sf@@UEAA_NAEBV?$basic_string@DU?$char_traits@D@std@@V?$allocator@D@2@@std@@II@Z)
sfml-audio-s.lib(SoundFileWriterFlac.cpp.obj) : error LNK2019: unresolved external symbol FLAC__stream_encoder_finish referenced in function "public: virtual __cdecl sf::priv::SoundFileWriterFlac::~SoundFileWriterFlac(void)" (??1SoundFileWriterFlac@priv@sf@@UEAA@XZ)
sfml-audio-s.lib(SoundFileWriterFlac.cpp.obj) : error LNK2019: unresolved external symbol FLAC__stream_encoder_process_interleaved referenced in function "public: virtual void __cdecl sf::priv::SoundFileWriterFlac::write(short const *,unsigned __int64)" (?write@SoundFileWriterFlac@priv@sf@@UEAAXPEBF_K@Z)
sfml-audio-s.lib(SoundFileReaderOgg.cpp.obj) : error LNK2019: unresolved external symbol ov_clear referenced in function "public: virtual __cdecl sf::priv::SoundFileReaderOgg::~SoundFileReaderOgg(void)" (??1SoundFileReaderOgg@priv@sf@@UEAA@XZ)
sfml-audio-s.lib(SoundFileReaderOgg.cpp.obj) : error LNK2019: unresolved external symbol ov_open_callbacks referenced in function "public: virtual bool __cdecl sf::priv::SoundFileReaderOgg::open(class sf::InputStream &,struct sf::SoundFileReader::Info &)" (?open@SoundFileReaderOgg@priv@sf@@UEAA_NAEAVInputStream@3@AEAUInfo@SoundFileReader@3@@Z)
sfml-audio-s.lib(SoundFileReaderOgg.cpp.obj) : error LNK2019: unresolved external symbol ov_test_callbacks referenced in function "public: static bool __cdecl sf::priv::SoundFileReaderOgg::check(class sf::InputStream &)" (?check@SoundFileReaderOgg@priv@sf@@SA_NAEAVInputStream@3@@Z)
sfml-audio-s.lib(SoundFileReaderOgg.cpp.obj) : error LNK2019: unresolved external symbol ov_pcm_total referenced in function "public: virtual bool __cdecl sf::priv::SoundFileReaderOgg::open(class sf::InputStream &,struct sf::SoundFileReader::Info &)" (?open@SoundFileReaderOgg@priv@sf@@UEAA_NAEAVInputStream@3@AEAUInfo@SoundFileReader@3@@Z)
sfml-audio-s.lib(SoundFileReaderOgg.cpp.obj) : error LNK2019: unresolved external symbol ov_pcm_seek referenced in function "public: virtual void __cdecl sf::priv::SoundFileReaderOgg::seek(unsigned __int64)" (?seek@SoundFileReaderOgg@priv@sf@@UEAAX_K@Z)
sfml-audio-s.lib(SoundFileReaderOgg.cpp.obj) : error LNK2019: unresolved external symbol ov_info referenced in function "public: virtual bool __cdecl sf::priv::SoundFileReaderOgg::open(class sf::InputStream &,struct sf::SoundFileReader::Info &)" (?open@SoundFileReaderOgg@priv@sf@@UEAA_NAEAVInputStream@3@AEAUInfo@SoundFileReader@3@@Z)
sfml-audio-s.lib(SoundFileReaderOgg.cpp.obj) : error LNK2019: unresolved external symbol ov_read referenced in function "public: virtual unsigned __int64 __cdecl sf::priv::SoundFileReaderOgg::read(short *,unsigned __int64)" (?read@SoundFileReaderOgg@priv@sf@@UEAA_KPEAF_K@Z)
sfml-audio-s.lib(SoundFileWriterOgg.cpp.obj) : error LNK2019: unresolved external symbol ogg_stream_packetin referenced in function "private: void __cdecl sf::priv::SoundFileWriterOgg::flushBlocks(void)" (?flushBlocks@SoundFileWriterOgg@priv@sf@@AEAAXXZ)
sfml-audio-s.lib(SoundFileWriterOgg.cpp.obj) : error LNK2019: unresolved external symbol ogg_stream_flush referenced in function "private: void __cdecl sf::priv::SoundFileWriterOgg::flushBlocks(void)" (?flushBlocks@SoundFileWriterOgg@priv@sf@@AEAAXXZ)
sfml-audio-s.lib(SoundFileWriterOgg.cpp.obj) : error LNK2019: unresolved external symbol ogg_stream_init referenced in function "public: virtual bool __cdecl sf::priv::SoundFileWriterOgg::open(class std::basic_string<char,struct std::char_traits<char>,class std::allocator<char> > const &,unsigned int,unsigned int)" (?open@SoundFileWriterOgg@priv@sf@@UEAA_NAEBV?$basic_string@DU?$char_traits@D@std@@V?$allocator@D@2@@std@@II@Z)
sfml-audio-s.lib(SoundFileWriterOgg.cpp.obj) : error LNK2019: unresolved external symbol ogg_stream_clear referenced in function "private: void __cdecl sf::priv::SoundFileWriterOgg::close(void)" (?close@SoundFileWriterOgg@priv@sf@@AEAAXXZ)
sfml-audio-s.lib(SoundFileWriterOgg.cpp.obj) : error LNK2019: unresolved external symbol vorbis_info_init referenced in function "public: virtual bool __cdecl sf::priv::SoundFileWriterOgg::open(class std::basic_string<char,struct std::char_traits<char>,class std::allocator<char> > const &,unsigned int,unsigned int)" (?open@SoundFileWriterOgg@priv@sf@@UEAA_NAEBV?$basic_string@DU?$char_traits@D@std@@V?$allocator@D@2@@std@@II@Z)
sfml-audio-s.lib(SoundFileWriterOgg.cpp.obj) : error LNK2019: unresolved external symbol vorbis_info_clear referenced in function "private: void __cdecl sf::priv::SoundFileWriterOgg::close(void)" (?close@SoundFileWriterOgg@priv@sf@@AEAAXXZ)
sfml-audio-s.lib(SoundFileWriterOgg.cpp.obj) : error LNK2019: unresolved external symbol vorbis_comment_init referenced in function "public: virtual bool __cdecl sf::priv::SoundFileWriterOgg::open(class std::basic_string<char,struct std::char_traits<char>,class std::allocator<char> > const &,unsigned int,unsigned int)" (?open@SoundFileWriterOgg@priv@sf@@UEAA_NAEBV?$basic_string@DU?$char_traits@D@std@@V?$allocator@D@2@@std@@II@Z)
sfml-audio-s.lib(SoundFileWriterOgg.cpp.obj) : error LNK2019: unresolved external symbol vorbis_comment_clear referenced in function "public: virtual bool __cdecl sf::priv::SoundFileWriterOgg::open(class std::basic_string<char,struct std::char_traits<char>,class std::allocator<char> > const &,unsigned int,unsigned int)" (?open@SoundFileWriterOgg@priv@sf@@UEAA_NAEBV?$basic_string@DU?$char_traits@D@std@@V?$allocator@D@2@@std@@II@Z)
sfml-audio-s.lib(SoundFileWriterOgg.cpp.obj) : error LNK2019: unresolved external symbol vorbis_block_init referenced in function "private: void __cdecl sf::priv::SoundFileWriterOgg::flushBlocks(void)" (?flushBlocks@SoundFileWriterOgg@priv@sf@@AEAAXXZ)
sfml-audio-s.lib(SoundFileWriterOgg.cpp.obj) : error LNK2019: unresolved external symbol vorbis_block_clear referenced in function "private: void __cdecl sf::priv::SoundFileWriterOgg::flushBlocks(void)" (?flushBlocks@SoundFileWriterOgg@priv@sf@@AEAAXXZ)
sfml-audio-s.lib(SoundFileWriterOgg.cpp.obj) : error LNK2019: unresolved external symbol vorbis_dsp_clear referenced in function "private: void __cdecl sf::priv::SoundFileWriterOgg::close(void)" (?close@SoundFileWriterOgg@priv@sf@@AEAAXXZ)
sfml-audio-s.lib(SoundFileWriterOgg.cpp.obj) : error LNK2019: unresolved external symbol vorbis_analysis_init referenced in function "public: virtual bool __cdecl sf::priv::SoundFileWriterOgg::open(class std::basic_string<char,struct std::char_traits<char>,class std::allocator<char> > const &,unsigned int,unsigned int)" (?open@SoundFileWriterOgg@priv@sf@@UEAA_NAEBV?$basic_string@DU?$char_traits@D@std@@V?$allocator@D@2@@std@@II@Z)
sfml-audio-s.lib(SoundFileWriterOgg.cpp.obj) : error LNK2019: unresolved external symbol vorbis_analysis_headerout referenced in function "public: virtual bool __cdecl sf::priv::SoundFileWriterOgg::open(class std::basic_string<char,struct std::char_traits<char>,class std::allocator<char> > const &,unsigned int,unsigned int)" (?open@SoundFileWriterOgg@priv@sf@@UEAA_NAEBV?$basic_string@DU?$char_traits@D@std@@V?$allocator@D@2@@std@@II@Z)
sfml-audio-s.lib(SoundFileWriterOgg.cpp.obj) : error LNK2019: unresolved external symbol vorbis_analysis_buffer referenced in function "public: virtual void __cdecl sf::priv::SoundFileWriterOgg::write(short const *,unsigned __int64)" (?write@SoundFileWriterOgg@priv@sf@@UEAAXPEBF_K@Z)
sfml-audio-s.lib(SoundFileWriterOgg.cpp.obj) : error LNK2019: unresolved external symbol vorbis_analysis_wrote referenced in function "private: void __cdecl sf::priv::SoundFileWriterOgg::close(void)" (?close@SoundFileWriterOgg@priv@sf@@AEAAXXZ)
sfml-audio-s.lib(SoundFileWriterOgg.cpp.obj) : error LNK2019: unresolved external symbol vorbis_analysis_blockout referenced in function "private: void __cdecl sf::priv::SoundFileWriterOgg::flushBlocks(void)" (?flushBlocks@SoundFileWriterOgg@priv@sf@@AEAAXXZ)
sfml-audio-s.lib(SoundFileWriterOgg.cpp.obj) : error LNK2019: unresolved external symbol vorbis_analysis referenced in function "private: void __cdecl sf::priv::SoundFileWriterOgg::flushBlocks(void)" (?flushBlocks@SoundFileWriterOgg@priv@sf@@AEAAXXZ)
sfml-audio-s.lib(SoundFileWriterOgg.cpp.obj) : error LNK2019: unresolved external symbol vorbis_bitrate_addblock referenced in function "private: void __cdecl sf::priv::SoundFileWriterOgg::flushBlocks(void)" (?flushBlocks@SoundFileWriterOgg@priv@sf@@AEAAXXZ)
sfml-audio-s.lib(SoundFileWriterOgg.cpp.obj) : error LNK2019: unresolved external symbol vorbis_bitrate_flushpacket referenced in function "private: void __cdecl sf::priv::SoundFileWriterOgg::flushBlocks(void)" (?flushBlocks@SoundFileWriterOgg@priv@sf@@AEAAXXZ)
sfml-audio-s.lib(SoundFileWriterOgg.cpp.obj) : error LNK2019: unresolved external symbol vorbis_encode_init_vbr referenced in function "public: virtual bool __cdecl sf::priv::SoundFileWriterOgg::open(class std::basic_string<char,struct std::char_traits<char>,class std::allocator<char> > const &,unsigned int,unsigned int)" (?open@SoundFileWriterOgg@priv@sf@@UEAA_NAEBV?$basic_string@DU?$char_traits@D@std@@V?$allocator@D@2@@std@@II@Z)
MSVCRTD.lib(exe_main.obj) : error LNK2019: unresolved external symbol main referenced in function "int __cdecl invoke_main(void)" (?invoke_main@@YAHXZ)
E:\Other Projects\Gad173_Project_Repo\GAD173 Project\x64\Debug\PlaySound.exe : fatal error LNK1120: 45 unresolved externals
